<?xml version="1.0" encoding="UTF-8"?>
<!-- Generated by org.testng.reporters.JUnitReportReporter -->
<testsuite hostname="DESKTOP-MC3KBP8" failures="0" tests="4" name="com.tutorialsninja.practice.testCase.Login_Test" time="138.972" errors="0" timestamp="2023-05-31T23:41:16 EDT" skipped="0">
  <testcase classname="com.tutorialsninja.practice.testCase.Login_Test" name="Login_TN" time="26.521"/>
  <system-out/>
  <testcase classname="com.tutorialsninja.practice.testCase.Login_Test" name="clickOnLaptopsAndNotebook" time="26.957"/>
  <system-out/>
  <testcase classname="com.tutorialsninja.practice.testCase.Login_Test" name="clickOnHpLaptop" time="30.517"/>
  <system-out/>
  <testcase classname="com.tutorialsninja.practice.testCase.Login_Test" name="completeBuying" time="54.977"/>
  <system-out/>
</testsuite> <!-- com.tutorialsninja.practice.testCase.Login_Test -->
