<?xml version="1.0" encoding="UTF-8"?>
<!-- Generated by org.testng.reporters.JUnitReportReporter -->
<testsuite hostname="DESKTOP-MC3KBP8" failures="0" tests="4" name="com.tutorialsninja.practice.testCase.Login_Test" time="87.838" errors="0" timestamp="01 Jun. 2023 14:29:34 GMT" skipped="0">
  <testcase classname="com.tutorialsninja.practice.testCase.Login_Test" name="Login_TN" time="15.818"/>
  <testcase classname="com.tutorialsninja.practice.testCase.Login_Test" name="clickOnLaptopsAndNotebook" time="15.838"/>
  <testcase classname="com.tutorialsninja.practice.testCase.Login_Test" name="clickOnHpLaptop" time="15.761"/>
  <testcase classname="com.tutorialsninja.practice.testCase.Login_Test" name="completeBuying" time="40.421"/>
</testsuite> <!-- com.tutorialsninja.practice.testCase.Login_Test -->
